<?xml version="1.0" encoding="UTF-8"?>
<testsuite xmlns:xsi="http://www.w3.org/2001/XMLSchema-instance" xsi:noNamespaceSchemaLocation="https://maven.apache.org/surefire/maven-surefire-plugin/xsd/surefire-test-report-3.0.xsd" version="3.0" name="com.junitpushup.ExampleTest" time="0.192" tests="15" errors="0" skipped="0" failures="0">
  <properties>
    <property name="java.specification.version" value="21"/>
    <property name="sun.cpu.isalist" value="amd64"/>
    <property name="sun.jnu.encoding" value="Cp1252"/>
    <property name="java.class.path" value="c:\Users\Daniel Andres\Desktop\testing\target\test-classes;c:\Users\Daniel Andres\Desktop\testing\target\classes;C:\Users\Daniel Andres\.m2\repository\org\junit\jupiter\junit-jupiter-api\5.11.0-M2\junit-jupiter-api-5.11.0-M2.jar;C:\Users\Daniel Andres\.m2\repository\org\opentest4j\opentest4j\1.3.0\opentest4j-1.3.0.jar;C:\Users\Daniel Andres\.m2\repository\org\junit\platform\junit-platform-commons\1.11.0-M2\junit-platform-commons-1.11.0-M2.jar;C:\Users\Daniel Andres\.m2\repository\org\apiguardian\apiguardian-api\1.1.2\apiguardian-api-1.1.2.jar;"/>
    <property name="java.vm.vendor" value="Eclipse Adoptium"/>
    <property name="sun.arch.data.model" value="64"/>
    <property name="user.variant" value=""/>
    <property name="java.vendor.url" value="https://adoptium.net/"/>
    <property name="user.timezone" value="America/Bogota"/>
    <property name="os.name" value="Windows 11"/>
    <property name="java.vm.specification.version" value="21"/>
    <property name="sun.java.launcher" value="SUN_STANDARD"/>
    <property name="user.country" value="CO"/>
    <property name="sun.boot.library.path" value="C:\Users\Daniel Andres\AppData\Roaming\Code\User\globalStorage\pleiades.java-extension-pack-jdk\java\21\bin"/>
    <property name="sun.java.command" value="C:\Users\Daniel Andres\AppData\Local\Temp\surefire7877113778016514698\surefirebooter-20240924150358374_3.jar C:\Users\Daniel Andres\AppData\Local\Temp\surefire7877113778016514698 2024-09-24T15-03-57_908-jvmRun1 surefire-20240924150358374_1tmp surefire_0-20240924150358374_2tmp"/>
    <property name="jdk.debug" value="release"/>
    <property name="surefire.test.class.path" value="c:\Users\Daniel Andres\Desktop\testing\target\test-classes;c:\Users\Daniel Andres\Desktop\testing\target\classes;C:\Users\Daniel Andres\.m2\repository\org\junit\jupiter\junit-jupiter-api\5.11.0-M2\junit-jupiter-api-5.11.0-M2.jar;C:\Users\Daniel Andres\.m2\repository\org\opentest4j\opentest4j\1.3.0\opentest4j-1.3.0.jar;C:\Users\Daniel Andres\.m2\repository\org\junit\platform\junit-platform-commons\1.11.0-M2\junit-platform-commons-1.11.0-M2.jar;C:\Users\Daniel Andres\.m2\repository\org\apiguardian\apiguardian-api\1.1.2\apiguardian-api-1.1.2.jar;"/>
    <property name="sun.cpu.endian" value="little"/>
    <property name="user.home" value="C:\Users\Daniel Andres"/>
    <property name="user.language" value="es"/>
    <property name="java.specification.vendor" value="Oracle Corporation"/>
    <property name="java.version.date" value="2024-07-16"/>
    <property name="java.home" value="C:\Users\Daniel Andres\AppData\Roaming\Code\User\globalStorage\pleiades.java-extension-pack-jdk\java\21"/>
    <property name="file.separator" value="\"/>
    <property name="basedir" value="c:\Users\Daniel Andres\Desktop\testing"/>
    <property name="java.vm.compressedOopsMode" value="32-bit"/>
    <property name="line.separator" value="&#10;"/>
    <property name="java.vm.specification.vendor" value="Oracle Corporation"/>
    <property name="java.specification.name" value="Java Platform API Specification"/>
    <property name="surefire.real.class.path" value="C:\Users\Daniel Andres\AppData\Local\Temp\surefire7877113778016514698\surefirebooter-20240924150358374_3.jar"/>
    <property name="user.script" value=""/>
    <property name="sun.management.compiler" value="HotSpot 64-Bit Tiered Compilers"/>
    <property name="java.runtime.version" value="21.0.4+7-LTS"/>
    <property name="user.name" value="Daniel Andres"/>
    <property name="stdout.encoding" value="Cp1252"/>
    <property name="path.separator" value=";"/>
    <property name="os.version" value="10.0"/>
    <property name="java.runtime.name" value="OpenJDK Runtime Environment"/>
    <property name="file.encoding" value="UTF-8"/>
    <property name="java.vm.name" value="OpenJDK 64-Bit Server VM"/>
    <property name="java.vendor.version" value="Temurin-21.0.4+7"/>
    <property name="localRepository" value="C:\Users\Daniel Andres\.m2\repository"/>
    <property name="java.vendor.url.bug" value="https://github.com/adoptium/adoptium-support/issues"/>
    <property name="java.io.tmpdir" value="C:\Users\DANIEL~1\AppData\Local\Temp\"/>
    <property name="java.version" value="21.0.4"/>
    <property name="user.dir" value="c:\Users\Daniel Andres\Desktop\testing"/>
    <property name="os.arch" value="amd64"/>
    <property name="java.vm.specification.name" value="Java Virtual Machine Specification"/>
    <property name="sun.os.patch.level" value=""/>
    <property name="native.encoding" value="Cp1252"/>
    <property name="java.library.path" value="C:\Users\Daniel Andres\AppData\Roaming\Code\User\globalStorage\pleiades.java-extension-pack-jdk\java\21\bin;C:\WINDOWS\Sun\Java\bin;C:\WINDOWS\system32;C:\WINDOWS;C:\Users\Daniel Andres\AppData\Roaming\Code\User\globalStorage\pleiades.java-extension-pack-jdk\gradle\latest\bin;C:\Users\Daniel Andres\AppData\Roaming\Code\User\globalStorage\pleiades.java-extension-pack-jdk\maven\latest\bin;C:\Users\Daniel Andres\AppData\Roaming\Code\User\globalStorage\pleiades.java-extension-pack-jdk\java\21\bin;C:\Program Files (x86)\Common Files\Oracle\Java\javapath;C:\Program Files\Eclipse Adoptium\jdk-17.0.11.9-hotspot\bin;C:\WINDOWS\system32;C:\WINDOWS;C:\WINDOWS\System32\Wbem;C:\WINDOWS\System32\WindowsPowerShell\v1.0\;C:\WINDOWS\System32\OpenSSH\;C:\Program Files\Git\cmd;C:\Program Files\MySQL\MySQL Server 8.0\bin;C:\Users\Daniel Andres\AppData\Local\Microsoft\WindowsApps;C:\Users\Daniel Andres\AppData\Local\Programs\Microsoft VS Code\bin;."/>
    <property name="java.vm.info" value="mixed mode, sharing"/>
    <property name="stderr.encoding" value="Cp1252"/>
    <property name="java.vendor" value="Eclipse Adoptium"/>
    <property name="java.vm.version" value="21.0.4+7-LTS"/>
    <property name="sun.io.unicode.encoding" value="UnicodeLittle"/>
    <property name="java.class.version" value="65.0"/>
  </properties>
  <testcase name="testEsPrimo" classname="com.junitpushup.ExampleTest" time="0.049"/>
  <testcase name="testcalcularMediaVacia" classname="com.junitpushup.ExampleTest" time="0.009"/>
  <testcase name="testcontieneElemento" classname="com.junitpushup.ExampleTest" time="0.001"/>
  <testcase name="testSumar" classname="com.junitpushup.ExampleTest" time="0.005"/>
  <testcase name="testConvertirListaAString" classname="com.junitpushup.ExampleTest" time="0.0">
    <system-out><![CDATA[DAVID,SAMUEL,HAAHAH
]]></system-out>
  </testcase>
  <testcase name="testFactorial" classname="com.junitpushup.ExampleTest" time="0.008"/>
  <testcase name="testcalcularMediaNull" classname="com.junitpushup.ExampleTest" time="0.003"/>
  <testcase name="testCheckPositivoNumeroNegativo" classname="com.junitpushup.ExampleTest" time="0.006"/>
  <testcase name="testRevertirCadenaNegativo" classname="com.junitpushup.ExampleTest" time="0.0"/>
  <testcase name="testConvertirAString" classname="com.junitpushup.ExampleTest" time="0.006"/>
  <testcase name="testCheckPositivo" classname="com.junitpushup.ExampleTest" time="0.0"/>
  <testcase name="testRevertirCadena" classname="com.junitpushup.ExampleTest" time="0.003"/>
  <testcase name="testCalcularMedia" classname="com.junitpushup.ExampleTest" time="0.005"/>
  <testcase name="testcontarLetrasA" classname="com.junitpushup.ExampleTest" time="0.005"/>
  <testcase name="testFactorialNegativo" classname="com.junitpushup.ExampleTest" time="0.0"/>
</testsuite>